<?xml version="1.0" encoding="UTF-8"?>
<testng-results skipped="0" failed="7" total="20" passed="13">
  <reporter-output>
  </reporter-output>
  <suite name="PHPTravels Test" duration-ms="206668" started-at="2018-11-02T12:31:47Z" finished-at="2018-11-02T12:35:13Z">
    <groups>
    </groups>
    <test name="Chrome" duration-ms="106866" started-at="2018-11-02T12:31:47Z" finished-at="2018-11-02T12:33:33Z">
      <class name="test.DetailsTest">
        <test-method status="PASS" signature="setupDriver(java.lang.String)[pri:0, instance:test.DetailsTest@1d99928]" name="setupDriver" is-config="true" duration-ms="2932" started-at="2018-11-02T18:02:59Z" finished-at="2018-11-02T18:03:02Z">
          <params>
            <param index="0">
              <value>
                <![CDATA[chrome]]>
              </value>
            </param>
          </params>
          <reporter-output>
          </reporter-output>
        </test-method> <!-- setupDriver -->
        <test-method status="PASS" signature="isPicUpLocationMatching()[pri:0, instance:test.DetailsTest@1d99928]" name="isPicUpLocationMatching" duration-ms="6834" started-at="2018-11-02T18:03:02Z" finished-at="2018-11-02T18:03:08Z">
          <reporter-output>
          </reporter-output>
        </test-method> <!-- isPicUpLocationMatching -->
        <test-method status="PASS" signature="screenShot(org.testng.ITestResult)[pri:0, instance:test.DetailsTest@1d99928]" name="screenShot" is-config="true" duration-ms="0" started-at="2018-11-02T18:03:08Z" finished-at="2018-11-02T18:03:08Z">
          <params>
            <param index="0">
              <value>
                <![CDATA[[TestResult name=isPicUpLocationMatching status=SUCCESS method=DetailsTest.isPicUpLocationMatching()[pri:0, instance:test.DetailsTest@1d99928] output={null}]]]>
              </value>
            </param>
          </params>
          <reporter-output>
          </reporter-output>
        </test-method> <!-- screenShot -->
        <test-method status="PASS" signature="isDropUpLocationMatching()[pri:0, instance:test.DetailsTest@1d99928]" name="isDropUpLocationMatching" duration-ms="40" started-at="2018-11-02T18:03:08Z" finished-at="2018-11-02T18:03:08Z">
          <reporter-output>
          </reporter-output>
        </test-method> <!-- isDropUpLocationMatching -->
        <test-method status="PASS" signature="screenShot(org.testng.ITestResult)[pri:0, instance:test.DetailsTest@1d99928]" name="screenShot" is-config="true" duration-ms="0" started-at="2018-11-02T18:03:08Z" finished-at="2018-11-02T18:03:08Z">
          <params>
            <param index="0">
              <value>
                <![CDATA[[TestResult name=isDropUpLocationMatching status=SUCCESS method=DetailsTest.isDropUpLocationMatching()[pri:0, instance:test.DetailsTest@1d99928] output={null}]]]>
              </value>
            </param>
          </params>
          <reporter-output>
          </reporter-output>
        </test-method> <!-- screenShot -->
        <test-method status="PASS" signature="booking()[pri:0, instance:test.DetailsTest@1d99928]" name="booking" duration-ms="1711" started-at="2018-11-02T18:03:08Z" finished-at="2018-11-02T18:03:10Z">
          <reporter-output>
          </reporter-output>
        </test-method> <!-- booking -->
        <test-method status="PASS" signature="screenShot(org.testng.ITestResult)[pri:0, instance:test.DetailsTest@1d99928]" name="screenShot" is-config="true" duration-ms="0" started-at="2018-11-02T18:03:10Z" finished-at="2018-11-02T18:03:10Z">
          <params>
            <param index="0">
              <value>
                <![CDATA[[TestResult name=booking status=SUCCESS method=DetailsTest.booking()[pri:0, instance:test.DetailsTest@1d99928] output={null}]]]>
              </value>
            </param>
          </params>
          <reporter-output>
          </reporter-output>
        </test-method> <!-- screenShot -->
        <test-method status="PASS" signature="quitDriver()[pri:0, instance:test.DetailsTest@1d99928]" name="quitDriver" is-config="true" duration-ms="56" started-at="2018-11-02T18:03:10Z" finished-at="2018-11-02T18:03:10Z">
          <reporter-output>
          </reporter-output>
        </test-method> <!-- quitDriver -->
      </class> <!-- test.DetailsTest -->
      <class name="test.LoginTest">
        <test-method status="PASS" signature="setupDriver(java.lang.String)[pri:0, instance:test.LoginTest@dbc5d3]" name="setupDriver" is-config="true" duration-ms="2507" started-at="2018-11-02T18:03:25Z" finished-at="2018-11-02T18:03:28Z">
          <params>
            <param index="0">
              <value>
                <![CDATA[chrome]]>
              </value>
            </param>
          </params>
          <reporter-output>
          </reporter-output>
        </test-method> <!-- setupDriver -->
        <test-method status="PASS" signature="failLogin(java.lang.String, java.lang.String)[pri:0, instance:test.LoginTest@dbc5d3]" name="failLogin" duration-ms="4312" started-at="2018-11-02T18:03:28Z" finished-at="2018-11-02T18:03:32Z">
          <params>
            <param index="0">
              <value>
                <![CDATA[fake@phptravels.com]]>
              </value>
            </param>
            <param index="1">
              <value>
                <![CDATA[fake]]>
              </value>
            </param>
          </params>
          <reporter-output>
          </reporter-output>
        </test-method> <!-- failLogin -->
        <test-method status="FAIL" signature="login(java.lang.String, java.lang.String)[pri:0, instance:test.LoginTest@dbc5d3]" name="login" duration-ms="1148" started-at="2018-11-02T18:03:32Z" depends-on-methods="test.LoginTest.failLogin" finished-at="2018-11-02T18:03:33Z">
          <params>
            <param index="0">
              <value>
                <![CDATA[user@phptravels.com]]>
              </value>
            </param>
            <param index="1">
              <value>
                <![CDATA[demouser]]>
              </value>
            </param>
          </params>
          <exception class="org.openqa.selenium.InvalidElementStateException">
            <message>
              <![CDATA[invalid element state: Element is not currently interactable and may not be manipulated
  (Session info: chrome=70.0.3538.77)
  (Driver info: chromedriver=2.42.591088 (7b2b2dca23cca0862f674758c9a3933e685c27d5),platform=Windows NT 6.1.7601 SP1 x86_64) (WARNING: The server did not provide any stacktrace information)
Command duration or timeout: 0 milliseconds
Build info: version: '3.6.0', revision: '6fbf3ec767', time: '2017-09-27T16:15:40.131Z'
System info: host: 'CHNSIPDT0T1027', ip: '10.219.34.79', os.name: 'Windows 7', os.arch: 'x86', os.version: '6.1', java.version: '1.8.0_45'
Driver info: org.openqa.selenium.remote.RemoteWebDriver
Capabilities [{mobileEmulationEnabled=false, hasTouchScreen=false, platform=XP, acceptSslCerts=false, goog:chromeOptions={debuggerAddress=localhost:52451}, acceptInsecureCerts=false, webStorageEnabled=true, browserName=chrome, takesScreenshot=true, javascriptEnabled=true, platformName=XP, setWindowRect=true, unexpectedAlertBehaviour=, applicationCacheEnabled=false, rotatable=false, networkConnectionEnabled=false, chrome={chromedriverVersion=2.42.591088 (7b2b2dca23cca0862f674758c9a3933e685c27d5), userDataDir=C:\Users\kartikks\AppData\Local\Temp\scoped_dir4912_15736}, takesHeapSnapshot=true, unhandledPromptBehavior=, pageLoadStrategy=normal, databaseEnabled=false, handlesAlerts=true, version=70.0.3538.77, browserConnectionEnabled=false, nativeEvents=true, locationContextEnabled=true, cssSelectorsEnabled=true}]
Session ID: 68e60a60cf38b6bc092509d76c6bf5cf]]>
            </message>
            <full-stacktrace>
              <![CDATA[org.openqa.selenium.InvalidElementStateException: invalid element state: Element is not currently interactable and may not be manipulated
  (Session info: chrome=70.0.3538.77)
  (Driver info: chromedriver=2.42.591088 (7b2b2dca23cca0862f674758c9a3933e685c27d5),platform=Windows NT 6.1.7601 SP1 x86_64) (WARNING: The server did not provide any stacktrace information)
Command duration or timeout: 0 milliseconds
Build info: version: '3.6.0', revision: '6fbf3ec767', time: '2017-09-27T16:15:40.131Z'
System info: host: 'CHNSIPDT0T1027', ip: '10.219.34.79', os.name: 'Windows 7', os.arch: 'x86', os.version: '6.1', java.version: '1.8.0_45'
Driver info: org.openqa.selenium.remote.RemoteWebDriver
Capabilities [{mobileEmulationEnabled=false, hasTouchScreen=false, platform=XP, acceptSslCerts=false, goog:chromeOptions={debuggerAddress=localhost:52451}, acceptInsecureCerts=false, webStorageEnabled=true, browserName=chrome, takesScreenshot=true, javascriptEnabled=true, platformName=XP, setWindowRect=true, unexpectedAlertBehaviour=, applicationCacheEnabled=false, rotatable=false, networkConnectionEnabled=false, chrome={chromedriverVersion=2.42.591088 (7b2b2dca23cca0862f674758c9a3933e685c27d5), userDataDir=C:\Users\kartikks\AppData\Local\Temp\scoped_dir4912_15736}, takesHeapSnapshot=true, unhandledPromptBehavior=, pageLoadStrategy=normal, databaseEnabled=false, handlesAlerts=true, version=70.0.3538.77, browserConnectionEnabled=false, nativeEvents=true, locationContextEnabled=true, cssSelectorsEnabled=true}]
Session ID: 68e60a60cf38b6bc092509d76c6bf5cf
	at sun.reflect.NativeConstructorAccessorImpl.newInstance0(Native Method)
	at sun.reflect.NativeConstructorAccessorImpl.newInstance(NativeConstructorAccessorImpl.java:62)
	at sun.reflect.DelegatingConstructorAccessorImpl.newInstance(DelegatingConstructorAccessorImpl.java:45)
	at java.lang.reflect.Constructor.newInstance(Constructor.java:422)
	at org.openqa.selenium.remote.ErrorHandler.createThrowable(ErrorHandler.java:214)
	at org.openqa.selenium.remote.ErrorHandler.throwIfResponseFailed(ErrorHandler.java:166)
	at org.openqa.selenium.remote.http.JsonHttpResponseCodec.reconstructValue(JsonHttpResponseCodec.java:40)
	at org.openqa.selenium.remote.http.AbstractHttpResponseCodec.decode(AbstractHttpResponseCodec.java:82)
	at org.openqa.selenium.remote.http.AbstractHttpResponseCodec.decode(AbstractHttpResponseCodec.java:45)
	at org.openqa.selenium.remote.HttpCommandExecutor.execute(HttpCommandExecutor.java:164)
	at org.openqa.selenium.remote.RemoteWebDriver.execute(RemoteWebDriver.java:586)
	at org.openqa.selenium.remote.RemoteWebElement.execute(RemoteWebElement.java:279)
	at org.openqa.selenium.remote.RemoteWebElement.clear(RemoteWebElement.java:118)
	at sun.reflect.NativeMethodAccessorImpl.invoke0(Native Method)
	at sun.reflect.NativeMethodAccessorImpl.invoke(NativeMethodAccessorImpl.java:62)
	at sun.reflect.DelegatingMethodAccessorImpl.invoke(DelegatingMethodAccessorImpl.java:43)
	at java.lang.reflect.Method.invoke(Method.java:497)
	at org.openqa.selenium.support.pagefactory.internal.LocatingElementHandler.invoke(LocatingElementHandler.java:51)
	at com.sun.proxy.$Proxy10.clear(Unknown Source)
	at com.phptravels.hexatest.pageobject.LoginPage.enterUserName(LoginPage.java:28)
	at test.LoginTest.login(LoginTest.java:29)
	at sun.reflect.NativeMethodAccessorImpl.invoke0(Native Method)
	at sun.reflect.NativeMethodAccessorImpl.invoke(NativeMethodAccessorImpl.java:62)
	at sun.reflect.DelegatingMethodAccessorImpl.invoke(DelegatingMethodAccessorImpl.java:43)
	at java.lang.reflect.Method.invoke(Method.java:497)
	at org.testng.internal.MethodInvocationHelper.invokeMethod(MethodInvocationHelper.java:84)
	at org.testng.internal.Invoker.invokeMethod(Invoker.java:714)
	at org.testng.internal.Invoker.invokeTestMethod(Invoker.java:901)
	at org.testng.internal.Invoker.invokeTestMethods(Invoker.java:1231)
	at org.testng.internal.TestMethodWorker.invokeTestMethods(TestMethodWorker.java:127)
	at org.testng.internal.TestMethodWorker.run(TestMethodWorker.java:111)
	at org.testng.TestRunner.privateRun(TestRunner.java:767)
	at org.testng.TestRunner.run(TestRunner.java:617)
	at org.testng.SuiteRunner.runTest(SuiteRunner.java:334)
	at org.testng.SuiteRunner.runSequentially(SuiteRunner.java:329)
	at org.testng.SuiteRunner.privateRun(SuiteRunner.java:291)
	at org.testng.SuiteRunner.run(SuiteRunner.java:240)
	at org.testng.SuiteRunnerWorker.runSuite(SuiteRunnerWorker.java:52)
	at org.testng.SuiteRunnerWorker.run(SuiteRunnerWorker.java:86)
	at org.testng.TestNG.runSuitesSequentially(TestNG.java:1224)
	at org.testng.TestNG.runSuitesLocally(TestNG.java:1149)
	at org.testng.TestNG.run(TestNG.java:1057)
	at org.testng.remote.RemoteTestNG.run(RemoteTestNG.java:111)
	at org.testng.remote.RemoteTestNG.initAndRun(RemoteTestNG.java:204)
	at org.testng.remote.RemoteTestNG.main(RemoteTestNG.java:175)
]]>
            </full-stacktrace>
          </exception> <!-- org.openqa.selenium.InvalidElementStateException -->
          <reporter-output>
          </reporter-output>
        </test-method> <!-- login -->
        <test-method status="PASS" signature="screenShot(org.testng.ITestResult)[pri:0, instance:test.LoginTest@dbc5d3]" name="screenShot" is-config="true" duration-ms="0" started-at="2018-11-02T18:03:32Z" finished-at="2018-11-02T18:03:32Z">
          <params>
            <param index="0">
              <value>
                <![CDATA[[TestResult name=failLogin status=SUCCESS method=LoginTest.failLogin(java.lang.String, java.lang.String)[pri:0, instance:test.LoginTest@dbc5d3] output={null}]]]>
              </value>
            </param>
          </params>
          <reporter-output>
          </reporter-output>
        </test-method> <!-- screenShot -->
        <test-method status="PASS" signature="screenShot(org.testng.ITestResult)[pri:0, instance:test.LoginTest@dbc5d3]" name="screenShot" is-config="true" duration-ms="315" started-at="2018-11-02T18:03:33Z" finished-at="2018-11-02T18:03:33Z">
          <params>
            <param index="0">
              <value>
                <![CDATA[[TestResult name=login status=FAILURE method=LoginTest.login(java.lang.String, java.lang.String)[pri:0, instance:test.LoginTest@dbc5d3] output={null}]]]>
              </value>
            </param>
          </params>
          <reporter-output>
          </reporter-output>
        </test-method> <!-- screenShot -->
        <test-method status="PASS" signature="quitDriver()[pri:0, instance:test.LoginTest@dbc5d3]" name="quitDriver" is-config="true" duration-ms="42" started-at="2018-11-02T18:03:33Z" finished-at="2018-11-02T18:03:33Z">
          <reporter-output>
          </reporter-output>
        </test-method> <!-- quitDriver -->
      </class> <!-- test.LoginTest -->
      <class name="test.HomeTest">
        <test-method status="PASS" signature="setupDriver(java.lang.String)[pri:0, instance:test.HomeTest@34d63f]" name="setupDriver" is-config="true" duration-ms="2990" started-at="2018-11-02T18:01:47Z" finished-at="2018-11-02T18:01:50Z">
          <params>
            <param index="0">
              <value>
                <![CDATA[chrome]]>
              </value>
            </param>
          </params>
          <reporter-output>
          </reporter-output>
        </test-method> <!-- setupDriver -->
        <test-method status="PASS" signature="searchFailedByPickupLoc()[pri:0, instance:test.HomeTest@34d63f]" name="searchFailedByPickupLoc" duration-ms="21164" started-at="2018-11-02T18:01:50Z" finished-at="2018-11-02T18:02:11Z">
          <reporter-output>
          </reporter-output>
        </test-method> <!-- searchFailedByPickupLoc -->
        <test-method status="PASS" signature="screenShot(org.testng.ITestResult)[pri:0, instance:test.HomeTest@34d63f]" name="screenShot" is-config="true" duration-ms="0" started-at="2018-11-02T18:02:11Z" finished-at="2018-11-02T18:02:11Z">
          <params>
            <param index="0">
              <value>
                <![CDATA[[TestResult name=searchFailedByPickupLoc status=SUCCESS method=HomeTest.searchFailedByPickupLoc()[pri:0, instance:test.HomeTest@34d63f] output={null}]]]>
              </value>
            </param>
          </params>
          <reporter-output>
          </reporter-output>
        </test-method> <!-- screenShot -->
        <test-method status="PASS" signature="searchCarsByPickupLoc()[pri:0, instance:test.HomeTest@34d63f]" name="searchCarsByPickupLoc" duration-ms="22584" started-at="2018-11-02T18:02:11Z" finished-at="2018-11-02T18:02:33Z">
          <reporter-output>
          </reporter-output>
        </test-method> <!-- searchCarsByPickupLoc -->
        <test-method status="PASS" signature="screenShot(org.testng.ITestResult)[pri:0, instance:test.HomeTest@34d63f]" name="screenShot" is-config="true" duration-ms="0" started-at="2018-11-02T18:02:33Z" finished-at="2018-11-02T18:02:33Z">
          <params>
            <param index="0">
              <value>
                <![CDATA[[TestResult name=searchCarsByPickupLoc status=SUCCESS method=HomeTest.searchCarsByPickupLoc()[pri:0, instance:test.HomeTest@34d63f] output={null}]]]>
              </value>
            </param>
          </params>
          <reporter-output>
          </reporter-output>
        </test-method> <!-- screenShot -->
        <test-method status="PASS" signature="quitDriver()[pri:0, instance:test.HomeTest@34d63f]" name="quitDriver" is-config="true" duration-ms="59" started-at="2018-11-02T18:02:33Z" finished-at="2018-11-02T18:02:33Z">
          <reporter-output>
          </reporter-output>
        </test-method> <!-- quitDriver -->
      </class> <!-- test.HomeTest -->
      <class name="test.SearchTest">
        <test-method status="PASS" signature="setupDriver(java.lang.String)[pri:0, instance:test.SearchTest@fb4a64]" name="setupDriver" is-config="true" duration-ms="2508" started-at="2018-11-02T18:02:33Z" finished-at="2018-11-02T18:02:36Z">
          <params>
            <param index="0">
              <value>
                <![CDATA[chrome]]>
              </value>
            </param>
          </params>
          <reporter-output>
          </reporter-output>
        </test-method> <!-- setupDriver -->
        <test-method status="PASS" signature="applyFilter()[pri:0, instance:test.SearchTest@fb4a64]" name="applyFilter" duration-ms="10444" started-at="2018-11-02T18:02:36Z" finished-at="2018-11-02T18:02:46Z">
          <reporter-output>
          </reporter-output>
        </test-method> <!-- applyFilter -->
        <test-method status="PASS" signature="getDetails()[pri:0, instance:test.SearchTest@fb4a64]" name="getDetails" duration-ms="12227" started-at="2018-11-02T18:02:46Z" finished-at="2018-11-02T18:02:59Z">
          <reporter-output>
          </reporter-output>
        </test-method> <!-- getDetails -->
        <test-method status="PASS" signature="screenShot(org.testng.ITestResult)[pri:0, instance:test.SearchTest@fb4a64]" name="screenShot" is-config="true" duration-ms="0" started-at="2018-11-02T18:02:46Z" finished-at="2018-11-02T18:02:46Z">
          <params>
            <param index="0">
              <value>
                <![CDATA[[TestResult name=applyFilter status=SUCCESS method=SearchTest.applyFilter()[pri:0, instance:test.SearchTest@fb4a64] output={null}]]]>
              </value>
            </param>
          </params>
          <reporter-output>
          </reporter-output>
        </test-method> <!-- screenShot -->
        <test-method status="PASS" signature="screenShot(org.testng.ITestResult)[pri:0, instance:test.SearchTest@fb4a64]" name="screenShot" is-config="true" duration-ms="0" started-at="2018-11-02T18:02:59Z" finished-at="2018-11-02T18:02:59Z">
          <params>
            <param index="0">
              <value>
                <![CDATA[[TestResult name=getDetails status=SUCCESS method=SearchTest.getDetails()[pri:0, instance:test.SearchTest@fb4a64] output={null}]]]>
              </value>
            </param>
          </params>
          <reporter-output>
          </reporter-output>
        </test-method> <!-- screenShot -->
        <test-method status="PASS" signature="quitDriver()[pri:0, instance:test.SearchTest@fb4a64]" name="quitDriver" is-config="true" duration-ms="60" started-at="2018-11-02T18:02:59Z" finished-at="2018-11-02T18:02:59Z">
          <reporter-output>
          </reporter-output>
        </test-method> <!-- quitDriver -->
      </class> <!-- test.SearchTest -->
      <class name="test.PersonalTest">
        <test-method status="PASS" signature="setupDriver(java.lang.String)[pri:0, instance:test.PersonalTest@1fd17e3]" name="setupDriver" is-config="true" duration-ms="2855" started-at="2018-11-02T18:03:10Z" finished-at="2018-11-02T18:03:13Z">
          <params>
            <param index="0">
              <value>
                <![CDATA[chrome]]>
              </value>
            </param>
          </params>
          <reporter-output>
          </reporter-output>
        </test-method> <!-- setupDriver -->
        <test-method status="PASS" signature="register()[pri:0, instance:test.PersonalTest@1fd17e3]" name="register" duration-ms="12014" started-at="2018-11-02T18:03:13Z" finished-at="2018-11-02T18:03:25Z">
          <reporter-output>
          </reporter-output>
        </test-method> <!-- register -->
        <test-method status="PASS" signature="quitDriver()[pri:0, instance:test.PersonalTest@1fd17e3]" name="quitDriver" is-config="true" duration-ms="52" started-at="2018-11-02T18:03:25Z" finished-at="2018-11-02T18:03:25Z">
          <reporter-output>
          </reporter-output>
        </test-method> <!-- quitDriver -->
        <test-method status="PASS" signature="screenShot(org.testng.ITestResult)[pri:0, instance:test.PersonalTest@1fd17e3]" name="screenShot" is-config="true" duration-ms="0" started-at="2018-11-02T18:03:25Z" finished-at="2018-11-02T18:03:25Z">
          <params>
            <param index="0">
              <value>
                <![CDATA[[TestResult name=register status=SUCCESS method=PersonalTest.register()[pri:0, instance:test.PersonalTest@1fd17e3] output={null}]]]>
              </value>
            </param>
          </params>
          <reporter-output>
          </reporter-output>
        </test-method> <!-- screenShot -->
      </class> <!-- test.PersonalTest -->
    </test> <!-- Chrome -->
    <test name="InternetExplorer" duration-ms="99787" started-at="2018-11-02T12:33:33Z" finished-at="2018-11-02T12:35:13Z">
      <class name="test.DetailsTest">
        <test-method status="PASS" signature="setupDriver(java.lang.String)[pri:0, instance:test.DetailsTest@a4a92b]" name="setupDriver" is-config="true" duration-ms="2419" started-at="2018-11-02T18:04:35Z" finished-at="2018-11-02T18:04:38Z">
          <params>
            <param index="0">
              <value>
                <![CDATA[internetexplorer]]>
              </value>
            </param>
          </params>
          <reporter-output>
          </reporter-output>
        </test-method> <!-- setupDriver -->
        <test-method status="PASS" signature="isPicUpLocationMatching()[pri:0, instance:test.DetailsTest@a4a92b]" name="isPicUpLocationMatching" duration-ms="4095" started-at="2018-11-02T18:04:38Z" finished-at="2018-11-02T18:04:42Z">
          <reporter-output>
          </reporter-output>
        </test-method> <!-- isPicUpLocationMatching -->
        <test-method status="PASS" signature="isDropUpLocationMatching()[pri:0, instance:test.DetailsTest@a4a92b]" name="isDropUpLocationMatching" duration-ms="183" started-at="2018-11-02T18:04:42Z" finished-at="2018-11-02T18:04:42Z">
          <reporter-output>
          </reporter-output>
        </test-method> <!-- isDropUpLocationMatching -->
        <test-method status="PASS" signature="screenShot(org.testng.ITestResult)[pri:0, instance:test.DetailsTest@a4a92b]" name="screenShot" is-config="true" duration-ms="0" started-at="2018-11-02T18:04:42Z" finished-at="2018-11-02T18:04:42Z">
          <params>
            <param index="0">
              <value>
                <![CDATA[[TestResult name=isPicUpLocationMatching status=SUCCESS method=DetailsTest.isPicUpLocationMatching()[pri:0, instance:test.DetailsTest@a4a92b] output={null}]]]>
              </value>
            </param>
          </params>
          <reporter-output>
          </reporter-output>
        </test-method> <!-- screenShot -->
        <test-method status="FAIL" signature="booking()[pri:0, instance:test.DetailsTest@a4a92b]" name="booking" duration-ms="2719" started-at="2018-11-02T18:04:42Z" finished-at="2018-11-02T18:04:45Z">
          <exception class="org.openqa.selenium.NoSuchWindowException">
            <message>
              <![CDATA[Unable to find element on closed window (WARNING: The server did not provide any stacktrace information)
Command duration or timeout: 0 milliseconds
Build info: version: '3.6.0', revision: '6fbf3ec767', time: '2017-09-27T16:15:40.131Z'
System info: host: 'CHNSIPDT0T1027', ip: '10.219.34.79', os.name: 'Windows 7', os.arch: 'x86', os.version: '6.1', java.version: '1.8.0_45'
Driver info: org.openqa.selenium.remote.RemoteWebDriver
Capabilities [{browserAttachTimeout=0, enablePersistentHover=true, ie.forceCreateProcessApi=false, pageLoadStrategy=normal, unhandledPromptBehavior=dismiss, ie.usePerProcessProxy=false, ignoreZoomSetting=true, handlesAlerts=true, version=11, platform=WINDOWS, nativeEvents=true, ie.ensureCleanSession=false, elementScrollBehavior=0, ie.browserCommandLineSwitches=, requireWindowFocus=false, browserName=internet explorer, initialBrowserUrl=http://localhost:42581/, takesScreenshot=true, javascriptEnabled=true, ignoreProtectedModeSettings=true, platformName=WINDOWS, enableElementCacheCleanup=true, cssSelectorsEnabled=true, unexpectedAlertBehaviour=dismiss}]
Session ID: dc6ceccb-fd92-42d2-8390-f9c0eeab0525
*** Element info: {Using=xpath, value=.//*[@id='body-section']/div/div/div[1]/div/div[1]/div[2]/div[2]/div[1]}]]>
            </message>
            <full-stacktrace>
              <![CDATA[org.openqa.selenium.NoSuchWindowException: Unable to find element on closed window (WARNING: The server did not provide any stacktrace information)
Command duration or timeout: 0 milliseconds
Build info: version: '3.6.0', revision: '6fbf3ec767', time: '2017-09-27T16:15:40.131Z'
System info: host: 'CHNSIPDT0T1027', ip: '10.219.34.79', os.name: 'Windows 7', os.arch: 'x86', os.version: '6.1', java.version: '1.8.0_45'
Driver info: org.openqa.selenium.remote.RemoteWebDriver
Capabilities [{browserAttachTimeout=0, enablePersistentHover=true, ie.forceCreateProcessApi=false, pageLoadStrategy=normal, unhandledPromptBehavior=dismiss, ie.usePerProcessProxy=false, ignoreZoomSetting=true, handlesAlerts=true, version=11, platform=WINDOWS, nativeEvents=true, ie.ensureCleanSession=false, elementScrollBehavior=0, ie.browserCommandLineSwitches=, requireWindowFocus=false, browserName=internet explorer, initialBrowserUrl=http://localhost:42581/, takesScreenshot=true, javascriptEnabled=true, ignoreProtectedModeSettings=true, platformName=WINDOWS, enableElementCacheCleanup=true, cssSelectorsEnabled=true, unexpectedAlertBehaviour=dismiss}]
Session ID: dc6ceccb-fd92-42d2-8390-f9c0eeab0525
*** Element info: {Using=xpath, value=.//*[@id='body-section']/div/div/div[1]/div/div[1]/div[2]/div[2]/div[1]}
	at sun.reflect.NativeConstructorAccessorImpl.newInstance0(Native Method)
	at sun.reflect.NativeConstructorAccessorImpl.newInstance(NativeConstructorAccessorImpl.java:62)
	at sun.reflect.DelegatingConstructorAccessorImpl.newInstance(DelegatingConstructorAccessorImpl.java:45)
	at java.lang.reflect.Constructor.newInstance(Constructor.java:422)
	at org.openqa.selenium.remote.ErrorHandler.createThrowable(ErrorHandler.java:214)
	at org.openqa.selenium.remote.ErrorHandler.throwIfResponseFailed(ErrorHandler.java:166)
	at org.openqa.selenium.remote.http.JsonHttpResponseCodec.reconstructValue(JsonHttpResponseCodec.java:40)
	at org.openqa.selenium.remote.http.AbstractHttpResponseCodec.decode(AbstractHttpResponseCodec.java:82)
	at org.openqa.selenium.remote.http.AbstractHttpResponseCodec.decode(AbstractHttpResponseCodec.java:45)
	at org.openqa.selenium.remote.HttpCommandExecutor.execute(HttpCommandExecutor.java:164)
	at org.openqa.selenium.remote.RemoteWebDriver.execute(RemoteWebDriver.java:586)
	at org.openqa.selenium.remote.RemoteWebDriver.findElement(RemoteWebDriver.java:356)
	at org.openqa.selenium.remote.RemoteWebDriver.findElementByXPath(RemoteWebDriver.java:458)
	at org.openqa.selenium.By$ByXPath.findElement(By.java:361)
	at org.openqa.selenium.remote.RemoteWebDriver.findElement(RemoteWebDriver.java:348)
	at org.openqa.selenium.support.pagefactory.DefaultElementLocator.findElement(DefaultElementLocator.java:69)
	at org.openqa.selenium.support.pagefactory.internal.LocatingElementHandler.invoke(LocatingElementHandler.java:38)
	at com.sun.proxy.$Proxy10.getText(Unknown Source)
	at com.phptravels.hexatest.pageobject.PersonalDetailsPage.getHeading(PersonalDetailsPage.java:278)
	at test.DetailsTest.booking(DetailsTest.java:59)
	at sun.reflect.NativeMethodAccessorImpl.invoke0(Native Method)
	at sun.reflect.NativeMethodAccessorImpl.invoke(NativeMethodAccessorImpl.java:62)
	at sun.reflect.DelegatingMethodAccessorImpl.invoke(DelegatingMethodAccessorImpl.java:43)
	at java.lang.reflect.Method.invoke(Method.java:497)
	at org.testng.internal.MethodInvocationHelper.invokeMethod(MethodInvocationHelper.java:84)
	at org.testng.internal.Invoker.invokeMethod(Invoker.java:714)
	at org.testng.internal.Invoker.invokeTestMethod(Invoker.java:901)
	at org.testng.internal.Invoker.invokeTestMethods(Invoker.java:1231)
	at org.testng.internal.TestMethodWorker.invokeTestMethods(TestMethodWorker.java:127)
	at org.testng.internal.TestMethodWorker.run(TestMethodWorker.java:111)
	at org.testng.TestRunner.privateRun(TestRunner.java:767)
	at org.testng.TestRunner.run(TestRunner.java:617)
	at org.testng.SuiteRunner.runTest(SuiteRunner.java:334)
	at org.testng.SuiteRunner.runSequentially(SuiteRunner.java:329)
	at org.testng.SuiteRunner.privateRun(SuiteRunner.java:291)
	at org.testng.SuiteRunner.run(SuiteRunner.java:240)
	at org.testng.SuiteRunnerWorker.runSuite(SuiteRunnerWorker.java:52)
	at org.testng.SuiteRunnerWorker.run(SuiteRunnerWorker.java:86)
	at org.testng.TestNG.runSuitesSequentially(TestNG.java:1224)
	at org.testng.TestNG.runSuitesLocally(TestNG.java:1149)
	at org.testng.TestNG.run(TestNG.java:1057)
	at org.testng.remote.RemoteTestNG.run(RemoteTestNG.java:111)
	at org.testng.remote.RemoteTestNG.initAndRun(RemoteTestNG.java:204)
	at org.testng.remote.RemoteTestNG.main(RemoteTestNG.java:175)
]]>
            </full-stacktrace>
          </exception> <!-- org.openqa.selenium.NoSuchWindowException -->
          <reporter-output>
          </reporter-output>
        </test-method> <!-- booking -->
        <test-method status="PASS" signature="screenShot(org.testng.ITestResult)[pri:0, instance:test.DetailsTest@a4a92b]" name="screenShot" is-config="true" duration-ms="0" started-at="2018-11-02T18:04:42Z" finished-at="2018-11-02T18:04:42Z">
          <params>
            <param index="0">
              <value>
                <![CDATA[[TestResult name=isDropUpLocationMatching status=SUCCESS method=DetailsTest.isDropUpLocationMatching()[pri:0, instance:test.DetailsTest@a4a92b] output={null}]]]>
              </value>
            </param>
          </params>
          <reporter-output>
          </reporter-output>
        </test-method> <!-- screenShot -->
        <test-method status="PASS" signature="screenShot(org.testng.ITestResult)[pri:0, instance:test.DetailsTest@a4a92b]" name="screenShot" is-config="true" duration-ms="31" started-at="2018-11-02T18:04:45Z" finished-at="2018-11-02T18:04:45Z">
          <params>
            <param index="0">
              <value>
                <![CDATA[[TestResult name=booking status=FAILURE method=DetailsTest.booking()[pri:0, instance:test.DetailsTest@a4a92b] output={null}]]]>
              </value>
            </param>
          </params>
          <reporter-output>
          </reporter-output>
        </test-method> <!-- screenShot -->
        <test-method status="PASS" signature="quitDriver()[pri:0, instance:test.DetailsTest@a4a92b]" name="quitDriver" is-config="true" duration-ms="48" started-at="2018-11-02T18:04:45Z" finished-at="2018-11-02T18:04:45Z">
          <reporter-output>
          </reporter-output>
        </test-method> <!-- quitDriver -->
      </class> <!-- test.DetailsTest -->
      <class name="test.LoginTest">
        <test-method status="PASS" signature="setupDriver(java.lang.String)[pri:0, instance:test.LoginTest@140d5f0]" name="setupDriver" is-config="true" duration-ms="2470" started-at="2018-11-02T18:05:03Z" finished-at="2018-11-02T18:05:06Z">
          <params>
            <param index="0">
              <value>
                <![CDATA[internetexplorer]]>
              </value>
            </param>
          </params>
          <reporter-output>
          </reporter-output>
        </test-method> <!-- setupDriver -->
        <test-method status="PASS" signature="failLogin(java.lang.String, java.lang.String)[pri:0, instance:test.LoginTest@140d5f0]" name="failLogin" duration-ms="3341" started-at="2018-11-02T18:05:06Z" finished-at="2018-11-02T18:05:09Z">
          <params>
            <param index="0">
              <value>
                <![CDATA[fake@phptravels.com]]>
              </value>
            </param>
            <param index="1">
              <value>
                <![CDATA[fake]]>
              </value>
            </param>
          </params>
          <reporter-output>
          </reporter-output>
        </test-method> <!-- failLogin -->
        <test-method status="FAIL" signature="login(java.lang.String, java.lang.String)[pri:0, instance:test.LoginTest@140d5f0]" name="login" duration-ms="3542" started-at="2018-11-02T18:05:09Z" depends-on-methods="test.LoginTest.failLogin" finished-at="2018-11-02T18:05:13Z">
          <params>
            <param index="0">
              <value>
                <![CDATA[user@phptravels.com]]>
              </value>
            </param>
            <param index="1">
              <value>
                <![CDATA[demouser]]>
              </value>
            </param>
          </params>
          <exception class="java.lang.AssertionError">
            <message>
              <![CDATA[expected [My Account] but found [Login]]]>
            </message>
            <full-stacktrace>
              <![CDATA[java.lang.AssertionError: expected [My Account] but found [Login]
	at org.testng.Assert.fail(Assert.java:94)
	at org.testng.Assert.failNotEquals(Assert.java:494)
	at org.testng.Assert.assertEquals(Assert.java:123)
	at org.testng.Assert.assertEquals(Assert.java:176)
	at org.testng.Assert.assertEquals(Assert.java:186)
	at test.LoginTest.login(LoginTest.java:36)
	at sun.reflect.NativeMethodAccessorImpl.invoke0(Native Method)
	at sun.reflect.NativeMethodAccessorImpl.invoke(NativeMethodAccessorImpl.java:62)
	at sun.reflect.DelegatingMethodAccessorImpl.invoke(DelegatingMethodAccessorImpl.java:43)
	at java.lang.reflect.Method.invoke(Method.java:497)
	at org.testng.internal.MethodInvocationHelper.invokeMethod(MethodInvocationHelper.java:84)
	at org.testng.internal.Invoker.invokeMethod(Invoker.java:714)
	at org.testng.internal.Invoker.invokeTestMethod(Invoker.java:901)
	at org.testng.internal.Invoker.invokeTestMethods(Invoker.java:1231)
	at org.testng.internal.TestMethodWorker.invokeTestMethods(TestMethodWorker.java:127)
	at org.testng.internal.TestMethodWorker.run(TestMethodWorker.java:111)
	at org.testng.TestRunner.privateRun(TestRunner.java:767)
	at org.testng.TestRunner.run(TestRunner.java:617)
	at org.testng.SuiteRunner.runTest(SuiteRunner.java:334)
	at org.testng.SuiteRunner.runSequentially(SuiteRunner.java:329)
	at org.testng.SuiteRunner.privateRun(SuiteRunner.java:291)
	at org.testng.SuiteRunner.run(SuiteRunner.java:240)
	at org.testng.SuiteRunnerWorker.runSuite(SuiteRunnerWorker.java:52)
	at org.testng.SuiteRunnerWorker.run(SuiteRunnerWorker.java:86)
	at org.testng.TestNG.runSuitesSequentially(TestNG.java:1224)
	at org.testng.TestNG.runSuitesLocally(TestNG.java:1149)
	at org.testng.TestNG.run(TestNG.java:1057)
	at org.testng.remote.RemoteTestNG.run(RemoteTestNG.java:111)
	at org.testng.remote.RemoteTestNG.initAndRun(RemoteTestNG.java:204)
	at org.testng.remote.RemoteTestNG.main(RemoteTestNG.java:175)
]]>
            </full-stacktrace>
          </exception> <!-- java.lang.AssertionError -->
          <reporter-output>
          </reporter-output>
        </test-method> <!-- login -->
        <test-method status="PASS" signature="screenShot(org.testng.ITestResult)[pri:0, instance:test.LoginTest@140d5f0]" name="screenShot" is-config="true" duration-ms="0" started-at="2018-11-02T18:05:09Z" finished-at="2018-11-02T18:05:09Z">
          <params>
            <param index="0">
              <value>
                <![CDATA[[TestResult name=failLogin status=SUCCESS method=LoginTest.failLogin(java.lang.String, java.lang.String)[pri:0, instance:test.LoginTest@140d5f0] output={null}]]]>
              </value>
            </param>
          </params>
          <reporter-output>
          </reporter-output>
        </test-method> <!-- screenShot -->
        <test-method status="PASS" signature="screenShot(org.testng.ITestResult)[pri:0, instance:test.LoginTest@140d5f0]" name="screenShot" is-config="true" duration-ms="419" started-at="2018-11-02T18:05:13Z" finished-at="2018-11-02T18:05:13Z">
          <params>
            <param index="0">
              <value>
                <![CDATA[[TestResult name=login status=FAILURE method=LoginTest.login(java.lang.String, java.lang.String)[pri:0, instance:test.LoginTest@140d5f0] output={null}]]]>
              </value>
            </param>
          </params>
          <reporter-output>
          </reporter-output>
        </test-method> <!-- screenShot -->
        <test-method status="PASS" signature="quitDriver()[pri:0, instance:test.LoginTest@140d5f0]" name="quitDriver" is-config="true" duration-ms="48" started-at="2018-11-02T18:05:13Z" finished-at="2018-11-02T18:05:13Z">
          <reporter-output>
          </reporter-output>
        </test-method> <!-- quitDriver -->
      </class> <!-- test.LoginTest -->
      <class name="test.HomeTest">
        <test-method status="PASS" signature="setupDriver(java.lang.String)[pri:0, instance:test.HomeTest@5a99da]" name="setupDriver" is-config="true" duration-ms="2520" started-at="2018-11-02T18:03:33Z" finished-at="2018-11-02T18:03:36Z">
          <params>
            <param index="0">
              <value>
                <![CDATA[internetexplorer]]>
              </value>
            </param>
          </params>
          <reporter-output>
          </reporter-output>
        </test-method> <!-- setupDriver -->
        <test-method status="PASS" signature="searchFailedByPickupLoc()[pri:0, instance:test.HomeTest@5a99da]" name="searchFailedByPickupLoc" duration-ms="23385" started-at="2018-11-02T18:03:36Z" finished-at="2018-11-02T18:03:59Z">
          <reporter-output>
          </reporter-output>
        </test-method> <!-- searchFailedByPickupLoc -->
        <test-method status="PASS" signature="screenShot(org.testng.ITestResult)[pri:0, instance:test.HomeTest@5a99da]" name="screenShot" is-config="true" duration-ms="0" started-at="2018-11-02T18:03:59Z" finished-at="2018-11-02T18:03:59Z">
          <params>
            <param index="0">
              <value>
                <![CDATA[[TestResult name=searchFailedByPickupLoc status=SUCCESS method=HomeTest.searchFailedByPickupLoc()[pri:0, instance:test.HomeTest@5a99da] output={null}]]]>
              </value>
            </param>
          </params>
          <reporter-output>
          </reporter-output>
        </test-method> <!-- screenShot -->
        <test-method status="FAIL" signature="searchCarsByPickupLoc()[pri:0, instance:test.HomeTest@5a99da]" name="searchCarsByPickupLoc" duration-ms="23404" started-at="2018-11-02T18:03:59Z" finished-at="2018-11-02T18:04:23Z">
          <exception class="java.lang.AssertionError">
            <message>
              <![CDATA[expected [Search Results] but found [PHPTRAVELS | Travel Technology Partner]]]>
            </message>
            <full-stacktrace>
              <![CDATA[java.lang.AssertionError: expected [Search Results] but found [PHPTRAVELS | Travel Technology Partner]
	at org.testng.Assert.fail(Assert.java:94)
	at org.testng.Assert.failNotEquals(Assert.java:494)
	at org.testng.Assert.assertEquals(Assert.java:123)
	at org.testng.Assert.assertEquals(Assert.java:176)
	at org.testng.Assert.assertEquals(Assert.java:186)
	at test.HomeTest.searchCarsByPickupLoc(HomeTest.java:74)
	at sun.reflect.NativeMethodAccessorImpl.invoke0(Native Method)
	at sun.reflect.NativeMethodAccessorImpl.invoke(NativeMethodAccessorImpl.java:62)
	at sun.reflect.DelegatingMethodAccessorImpl.invoke(DelegatingMethodAccessorImpl.java:43)
	at java.lang.reflect.Method.invoke(Method.java:497)
	at org.testng.internal.MethodInvocationHelper.invokeMethod(MethodInvocationHelper.java:84)
	at org.testng.internal.Invoker.invokeMethod(Invoker.java:714)
	at org.testng.internal.Invoker.invokeTestMethod(Invoker.java:901)
	at org.testng.internal.Invoker.invokeTestMethods(Invoker.java:1231)
	at org.testng.internal.TestMethodWorker.invokeTestMethods(TestMethodWorker.java:127)
	at org.testng.internal.TestMethodWorker.run(TestMethodWorker.java:111)
	at org.testng.TestRunner.privateRun(TestRunner.java:767)
	at org.testng.TestRunner.run(TestRunner.java:617)
	at org.testng.SuiteRunner.runTest(SuiteRunner.java:334)
	at org.testng.SuiteRunner.runSequentially(SuiteRunner.java:329)
	at org.testng.SuiteRunner.privateRun(SuiteRunner.java:291)
	at org.testng.SuiteRunner.run(SuiteRunner.java:240)
	at org.testng.SuiteRunnerWorker.runSuite(SuiteRunnerWorker.java:52)
	at org.testng.SuiteRunnerWorker.run(SuiteRunnerWorker.java:86)
	at org.testng.TestNG.runSuitesSequentially(TestNG.java:1224)
	at org.testng.TestNG.runSuitesLocally(TestNG.java:1149)
	at org.testng.TestNG.run(TestNG.java:1057)
	at org.testng.remote.RemoteTestNG.run(RemoteTestNG.java:111)
	at org.testng.remote.RemoteTestNG.initAndRun(RemoteTestNG.java:204)
	at org.testng.remote.RemoteTestNG.main(RemoteTestNG.java:175)
]]>
            </full-stacktrace>
          </exception> <!-- java.lang.AssertionError -->
          <reporter-output>
          </reporter-output>
        </test-method> <!-- searchCarsByPickupLoc -->
        <test-method status="PASS" signature="screenShot(org.testng.ITestResult)[pri:0, instance:test.HomeTest@5a99da]" name="screenShot" is-config="true" duration-ms="30" started-at="2018-11-02T18:04:23Z" finished-at="2018-11-02T18:04:23Z">
          <params>
            <param index="0">
              <value>
                <![CDATA[[TestResult name=searchCarsByPickupLoc status=FAILURE method=HomeTest.searchCarsByPickupLoc()[pri:0, instance:test.HomeTest@5a99da] output={null}]]]>
              </value>
            </param>
          </params>
          <reporter-output>
          </reporter-output>
        </test-method> <!-- screenShot -->
        <test-method status="PASS" signature="quitDriver()[pri:0, instance:test.HomeTest@5a99da]" name="quitDriver" is-config="true" duration-ms="32" started-at="2018-11-02T18:04:23Z" finished-at="2018-11-02T18:04:23Z">
          <reporter-output>
          </reporter-output>
        </test-method> <!-- quitDriver -->
      </class> <!-- test.HomeTest -->
      <class name="test.PersonalTest">
        <test-method status="PASS" signature="setupDriver(java.lang.String)[pri:0, instance:test.PersonalTest@c6a292]" name="setupDriver" is-config="true" duration-ms="2473" started-at="2018-11-02T18:04:45Z" finished-at="2018-11-02T18:04:47Z">
          <params>
            <param index="0">
              <value>
                <![CDATA[internetexplorer]]>
              </value>
            </param>
          </params>
          <reporter-output>
          </reporter-output>
        </test-method> <!-- setupDriver -->
        <test-method status="FAIL" signature="register()[pri:0, instance:test.PersonalTest@c6a292]" name="register" duration-ms="4717" started-at="2018-11-02T18:04:47Z" finished-at="2018-11-02T18:04:52Z">
          <exception class="org.openqa.selenium.ElementNotVisibleException">
            <message>
              <![CDATA[Cannot click on element (WARNING: The server did not provide any stacktrace information)
Command duration or timeout: 0 milliseconds
Build info: version: '3.6.0', revision: '6fbf3ec767', time: '2017-09-27T16:15:40.131Z'
System info: host: 'CHNSIPDT0T1027', ip: '10.219.34.79', os.name: 'Windows 7', os.arch: 'x86', os.version: '6.1', java.version: '1.8.0_45'
Driver info: org.openqa.selenium.remote.RemoteWebDriver
Capabilities [{browserAttachTimeout=0, enablePersistentHover=true, ie.forceCreateProcessApi=false, pageLoadStrategy=normal, unhandledPromptBehavior=dismiss, ie.usePerProcessProxy=false, ignoreZoomSetting=true, handlesAlerts=true, version=11, platform=WINDOWS, nativeEvents=true, ie.ensureCleanSession=false, elementScrollBehavior=0, ie.browserCommandLineSwitches=, requireWindowFocus=false, browserName=internet explorer, initialBrowserUrl=http://localhost:4677/, takesScreenshot=true, javascriptEnabled=true, ignoreProtectedModeSettings=true, platformName=WINDOWS, enableElementCacheCleanup=true, cssSelectorsEnabled=true, unexpectedAlertBehaviour=dismiss}]
Session ID: bb17d8f5-136c-4b93-a7d9-96c25e5f31cd]]>
            </message>
            <full-stacktrace>
              <![CDATA[org.openqa.selenium.ElementNotVisibleException: Cannot click on element (WARNING: The server did not provide any stacktrace information)
Command duration or timeout: 0 milliseconds
Build info: version: '3.6.0', revision: '6fbf3ec767', time: '2017-09-27T16:15:40.131Z'
System info: host: 'CHNSIPDT0T1027', ip: '10.219.34.79', os.name: 'Windows 7', os.arch: 'x86', os.version: '6.1', java.version: '1.8.0_45'
Driver info: org.openqa.selenium.remote.RemoteWebDriver
Capabilities [{browserAttachTimeout=0, enablePersistentHover=true, ie.forceCreateProcessApi=false, pageLoadStrategy=normal, unhandledPromptBehavior=dismiss, ie.usePerProcessProxy=false, ignoreZoomSetting=true, handlesAlerts=true, version=11, platform=WINDOWS, nativeEvents=true, ie.ensureCleanSession=false, elementScrollBehavior=0, ie.browserCommandLineSwitches=, requireWindowFocus=false, browserName=internet explorer, initialBrowserUrl=http://localhost:4677/, takesScreenshot=true, javascriptEnabled=true, ignoreProtectedModeSettings=true, platformName=WINDOWS, enableElementCacheCleanup=true, cssSelectorsEnabled=true, unexpectedAlertBehaviour=dismiss}]
Session ID: bb17d8f5-136c-4b93-a7d9-96c25e5f31cd
	at sun.reflect.NativeConstructorAccessorImpl.newInstance0(Native Method)
	at sun.reflect.NativeConstructorAccessorImpl.newInstance(NativeConstructorAccessorImpl.java:62)
	at sun.reflect.DelegatingConstructorAccessorImpl.newInstance(DelegatingConstructorAccessorImpl.java:45)
	at java.lang.reflect.Constructor.newInstance(Constructor.java:422)
	at org.openqa.selenium.remote.ErrorHandler.createThrowable(ErrorHandler.java:214)
	at org.openqa.selenium.remote.ErrorHandler.throwIfResponseFailed(ErrorHandler.java:166)
	at org.openqa.selenium.remote.http.JsonHttpResponseCodec.reconstructValue(JsonHttpResponseCodec.java:40)
	at org.openqa.selenium.remote.http.AbstractHttpResponseCodec.decode(AbstractHttpResponseCodec.java:82)
	at org.openqa.selenium.remote.http.AbstractHttpResponseCodec.decode(AbstractHttpResponseCodec.java:45)
	at org.openqa.selenium.remote.HttpCommandExecutor.execute(HttpCommandExecutor.java:164)
	at org.openqa.selenium.remote.RemoteWebDriver.execute(RemoteWebDriver.java:586)
	at org.openqa.selenium.remote.RemoteWebElement.execute(RemoteWebElement.java:279)
	at org.openqa.selenium.remote.RemoteWebElement.click(RemoteWebElement.java:83)
	at sun.reflect.GeneratedMethodAccessor1.invoke(Unknown Source)
	at sun.reflect.DelegatingMethodAccessorImpl.invoke(DelegatingMethodAccessorImpl.java:43)
	at java.lang.reflect.Method.invoke(Method.java:497)
	at org.openqa.selenium.support.pagefactory.internal.LocatingElementHandler.invoke(LocatingElementHandler.java:51)
	at com.sun.proxy.$Proxy10.click(Unknown Source)
	at com.phptravels.hexatest.pageobject.PersonalDetailsPage.verifylastname(PersonalDetailsPage.java:129)
	at test.PersonalTest.register(PersonalTest.java:26)
	at sun.reflect.NativeMethodAccessorImpl.invoke0(Native Method)
	at sun.reflect.NativeMethodAccessorImpl.invoke(NativeMethodAccessorImpl.java:62)
	at sun.reflect.DelegatingMethodAccessorImpl.invoke(DelegatingMethodAccessorImpl.java:43)
	at java.lang.reflect.Method.invoke(Method.java:497)
	at org.testng.internal.MethodInvocationHelper.invokeMethod(MethodInvocationHelper.java:84)
	at org.testng.internal.Invoker.invokeMethod(Invoker.java:714)
	at org.testng.internal.Invoker.invokeTestMethod(Invoker.java:901)
	at org.testng.internal.Invoker.invokeTestMethods(Invoker.java:1231)
	at org.testng.internal.TestMethodWorker.invokeTestMethods(TestMethodWorker.java:127)
	at org.testng.internal.TestMethodWorker.run(TestMethodWorker.java:111)
	at org.testng.TestRunner.privateRun(TestRunner.java:767)
	at org.testng.TestRunner.run(TestRunner.java:617)
	at org.testng.SuiteRunner.runTest(SuiteRunner.java:334)
	at org.testng.SuiteRunner.runSequentially(SuiteRunner.java:329)
	at org.testng.SuiteRunner.privateRun(SuiteRunner.java:291)
	at org.testng.SuiteRunner.run(SuiteRunner.java:240)
	at org.testng.SuiteRunnerWorker.runSuite(SuiteRunnerWorker.java:52)
	at org.testng.SuiteRunnerWorker.run(SuiteRunnerWorker.java:86)
	at org.testng.TestNG.runSuitesSequentially(TestNG.java:1224)
	at org.testng.TestNG.runSuitesLocally(TestNG.java:1149)
	at org.testng.TestNG.run(TestNG.java:1057)
	at org.testng.remote.RemoteTestNG.run(RemoteTestNG.java:111)
	at org.testng.remote.RemoteTestNG.initAndRun(RemoteTestNG.java:204)
	at org.testng.remote.RemoteTestNG.main(RemoteTestNG.java:175)
]]>
            </full-stacktrace>
          </exception> <!-- org.openqa.selenium.ElementNotVisibleException -->
          <reporter-output>
          </reporter-output>
        </test-method> <!-- register -->
        <test-method status="PASS" signature="screenShot(org.testng.ITestResult)[pri:0, instance:test.PersonalTest@c6a292]" name="screenShot" is-config="true" duration-ms="11432" started-at="2018-11-02T18:04:52Z" finished-at="2018-11-02T18:05:03Z">
          <params>
            <param index="0">
              <value>
                <![CDATA[[TestResult name=register status=FAILURE method=PersonalTest.register()[pri:0, instance:test.PersonalTest@c6a292] output={null}]]]>
              </value>
            </param>
          </params>
          <reporter-output>
          </reporter-output>
        </test-method> <!-- screenShot -->
        <test-method status="PASS" signature="quitDriver()[pri:0, instance:test.PersonalTest@c6a292]" name="quitDriver" is-config="true" duration-ms="48" started-at="2018-11-02T18:05:03Z" finished-at="2018-11-02T18:05:03Z">
          <reporter-output>
          </reporter-output>
        </test-method> <!-- quitDriver -->
      </class> <!-- test.PersonalTest -->
      <class name="test.SearchTest">
        <test-method status="PASS" signature="setupDriver(java.lang.String)[pri:0, instance:test.SearchTest@1223dd8]" name="setupDriver" is-config="true" duration-ms="2504" started-at="2018-11-02T18:04:23Z" finished-at="2018-11-02T18:04:25Z">
          <params>
            <param index="0">
              <value>
                <![CDATA[internetexplorer]]>
              </value>
            </param>
          </params>
          <reporter-output>
          </reporter-output>
        </test-method> <!-- setupDriver -->
        <test-method status="FAIL" signature="applyFilter()[pri:0, instance:test.SearchTest@1223dd8]" name="applyFilter" duration-ms="9785" started-at="2018-11-02T18:04:25Z" finished-at="2018-11-02T18:04:35Z">
          <exception class="org.openqa.selenium.NoSuchWindowException">
            <message>
              <![CDATA[Unable to get browser (WARNING: The server did not provide any stacktrace information)
Command duration or timeout: 0 milliseconds
Build info: version: '3.6.0', revision: '6fbf3ec767', time: '2017-09-27T16:15:40.131Z'
System info: host: 'CHNSIPDT0T1027', ip: '10.219.34.79', os.name: 'Windows 7', os.arch: 'x86', os.version: '6.1', java.version: '1.8.0_45'
Driver info: org.openqa.selenium.remote.RemoteWebDriver
Capabilities [{browserAttachTimeout=0, enablePersistentHover=true, ie.forceCreateProcessApi=false, pageLoadStrategy=normal, unhandledPromptBehavior=dismiss, ie.usePerProcessProxy=false, ignoreZoomSetting=true, handlesAlerts=true, version=11, platform=WINDOWS, nativeEvents=true, ie.ensureCleanSession=false, elementScrollBehavior=0, ie.browserCommandLineSwitches=, requireWindowFocus=false, browserName=internet explorer, initialBrowserUrl=http://localhost:43164/, takesScreenshot=true, javascriptEnabled=true, ignoreProtectedModeSettings=true, platformName=WINDOWS, enableElementCacheCleanup=true, cssSelectorsEnabled=true, unexpectedAlertBehaviour=dismiss}]
Session ID: 2b08caba-4b60-47aa-9ab3-2cd7f4910792]]>
            </message>
            <full-stacktrace>
              <![CDATA[org.openqa.selenium.NoSuchWindowException: Unable to get browser (WARNING: The server did not provide any stacktrace information)
Command duration or timeout: 0 milliseconds
Build info: version: '3.6.0', revision: '6fbf3ec767', time: '2017-09-27T16:15:40.131Z'
System info: host: 'CHNSIPDT0T1027', ip: '10.219.34.79', os.name: 'Windows 7', os.arch: 'x86', os.version: '6.1', java.version: '1.8.0_45'
Driver info: org.openqa.selenium.remote.RemoteWebDriver
Capabilities [{browserAttachTimeout=0, enablePersistentHover=true, ie.forceCreateProcessApi=false, pageLoadStrategy=normal, unhandledPromptBehavior=dismiss, ie.usePerProcessProxy=false, ignoreZoomSetting=true, handlesAlerts=true, version=11, platform=WINDOWS, nativeEvents=true, ie.ensureCleanSession=false, elementScrollBehavior=0, ie.browserCommandLineSwitches=, requireWindowFocus=false, browserName=internet explorer, initialBrowserUrl=http://localhost:43164/, takesScreenshot=true, javascriptEnabled=true, ignoreProtectedModeSettings=true, platformName=WINDOWS, enableElementCacheCleanup=true, cssSelectorsEnabled=true, unexpectedAlertBehaviour=dismiss}]
Session ID: 2b08caba-4b60-47aa-9ab3-2cd7f4910792
	at sun.reflect.NativeConstructorAccessorImpl.newInstance0(Native Method)
	at sun.reflect.NativeConstructorAccessorImpl.newInstance(NativeConstructorAccessorImpl.java:62)
	at sun.reflect.DelegatingConstructorAccessorImpl.newInstance(DelegatingConstructorAccessorImpl.java:45)
	at java.lang.reflect.Constructor.newInstance(Constructor.java:422)
	at org.openqa.selenium.remote.ErrorHandler.createThrowable(ErrorHandler.java:214)
	at org.openqa.selenium.remote.ErrorHandler.throwIfResponseFailed(ErrorHandler.java:166)
	at org.openqa.selenium.remote.http.JsonHttpResponseCodec.reconstructValue(JsonHttpResponseCodec.java:40)
	at org.openqa.selenium.remote.http.AbstractHttpResponseCodec.decode(AbstractHttpResponseCodec.java:82)
	at org.openqa.selenium.remote.http.AbstractHttpResponseCodec.decode(AbstractHttpResponseCodec.java:45)
	at org.openqa.selenium.remote.HttpCommandExecutor.execute(HttpCommandExecutor.java:164)
	at org.openqa.selenium.remote.RemoteWebDriver.execute(RemoteWebDriver.java:586)
	at org.openqa.selenium.remote.RemoteWebDriver.execute(RemoteWebDriver.java:643)
	at org.openqa.selenium.remote.RemoteWebDriver.getTitle(RemoteWebDriver.java:314)
	at com.phptravels.hexatest.pageobject.SearchPage.getTitle(SearchPage.java:181)
	at test.SearchTest.applyFilter(SearchTest.java:34)
	at sun.reflect.NativeMethodAccessorImpl.invoke0(Native Method)
	at sun.reflect.NativeMethodAccessorImpl.invoke(NativeMethodAccessorImpl.java:62)
	at sun.reflect.DelegatingMethodAccessorImpl.invoke(DelegatingMethodAccessorImpl.java:43)
	at java.lang.reflect.Method.invoke(Method.java:497)
	at org.testng.internal.MethodInvocationHelper.invokeMethod(MethodInvocationHelper.java:84)
	at org.testng.internal.Invoker.invokeMethod(Invoker.java:714)
	at org.testng.internal.Invoker.invokeTestMethod(Invoker.java:901)
	at org.testng.internal.Invoker.invokeTestMethods(Invoker.java:1231)
	at org.testng.internal.TestMethodWorker.invokeTestMethods(TestMethodWorker.java:127)
	at org.testng.internal.TestMethodWorker.run(TestMethodWorker.java:111)
	at org.testng.TestRunner.privateRun(TestRunner.java:767)
	at org.testng.TestRunner.run(TestRunner.java:617)
	at org.testng.SuiteRunner.runTest(SuiteRunner.java:334)
	at org.testng.SuiteRunner.runSequentially(SuiteRunner.java:329)
	at org.testng.SuiteRunner.privateRun(SuiteRunner.java:291)
	at org.testng.SuiteRunner.run(SuiteRunner.java:240)
	at org.testng.SuiteRunnerWorker.runSuite(SuiteRunnerWorker.java:52)
	at org.testng.SuiteRunnerWorker.run(SuiteRunnerWorker.java:86)
	at org.testng.TestNG.runSuitesSequentially(TestNG.java:1224)
	at org.testng.TestNG.runSuitesLocally(TestNG.java:1149)
	at org.testng.TestNG.run(TestNG.java:1057)
	at org.testng.remote.RemoteTestNG.run(RemoteTestNG.java:111)
	at org.testng.remote.RemoteTestNG.initAndRun(RemoteTestNG.java:204)
	at org.testng.remote.RemoteTestNG.main(RemoteTestNG.java:175)
]]>
            </full-stacktrace>
          </exception> <!-- org.openqa.selenium.NoSuchWindowException -->
          <reporter-output>
          </reporter-output>
        </test-method> <!-- applyFilter -->
        <test-method status="PASS" signature="screenShot(org.testng.ITestResult)[pri:0, instance:test.SearchTest@1223dd8]" name="screenShot" is-config="true" duration-ms="31" started-at="2018-11-02T18:04:35Z" finished-at="2018-11-02T18:04:35Z">
          <params>
            <param index="0">
              <value>
                <![CDATA[[TestResult name=applyFilter status=FAILURE method=SearchTest.applyFilter()[pri:0, instance:test.SearchTest@1223dd8] output={null}]]]>
              </value>
            </param>
          </params>
          <reporter-output>
          </reporter-output>
        </test-method> <!-- screenShot -->
        <test-method status="FAIL" signature="getDetails()[pri:0, instance:test.SearchTest@1223dd8]" name="getDetails" duration-ms="33" started-at="2018-11-02T18:04:35Z" finished-at="2018-11-02T18:04:35Z">
          <exception class="org.openqa.selenium.NoSuchWindowException">
            <message>
              <![CDATA[Unable to get browser (WARNING: The server did not provide any stacktrace information)
Command duration or timeout: 0 milliseconds
Build info: version: '3.6.0', revision: '6fbf3ec767', time: '2017-09-27T16:15:40.131Z'
System info: host: 'CHNSIPDT0T1027', ip: '10.219.34.79', os.name: 'Windows 7', os.arch: 'x86', os.version: '6.1', java.version: '1.8.0_45'
Driver info: org.openqa.selenium.remote.RemoteWebDriver
Capabilities [{browserAttachTimeout=0, enablePersistentHover=true, ie.forceCreateProcessApi=false, pageLoadStrategy=normal, unhandledPromptBehavior=dismiss, ie.usePerProcessProxy=false, ignoreZoomSetting=true, handlesAlerts=true, version=11, platform=WINDOWS, nativeEvents=true, ie.ensureCleanSession=false, elementScrollBehavior=0, ie.browserCommandLineSwitches=, requireWindowFocus=false, browserName=internet explorer, initialBrowserUrl=http://localhost:43164/, takesScreenshot=true, javascriptEnabled=true, ignoreProtectedModeSettings=true, platformName=WINDOWS, enableElementCacheCleanup=true, cssSelectorsEnabled=true, unexpectedAlertBehaviour=dismiss}]
Session ID: 2b08caba-4b60-47aa-9ab3-2cd7f4910792]]>
            </message>
            <full-stacktrace>
              <![CDATA[org.openqa.selenium.NoSuchWindowException: Unable to get browser (WARNING: The server did not provide any stacktrace information)
Command duration or timeout: 0 milliseconds
Build info: version: '3.6.0', revision: '6fbf3ec767', time: '2017-09-27T16:15:40.131Z'
System info: host: 'CHNSIPDT0T1027', ip: '10.219.34.79', os.name: 'Windows 7', os.arch: 'x86', os.version: '6.1', java.version: '1.8.0_45'
Driver info: org.openqa.selenium.remote.RemoteWebDriver
Capabilities [{browserAttachTimeout=0, enablePersistentHover=true, ie.forceCreateProcessApi=false, pageLoadStrategy=normal, unhandledPromptBehavior=dismiss, ie.usePerProcessProxy=false, ignoreZoomSetting=true, handlesAlerts=true, version=11, platform=WINDOWS, nativeEvents=true, ie.ensureCleanSession=false, elementScrollBehavior=0, ie.browserCommandLineSwitches=, requireWindowFocus=false, browserName=internet explorer, initialBrowserUrl=http://localhost:43164/, takesScreenshot=true, javascriptEnabled=true, ignoreProtectedModeSettings=true, platformName=WINDOWS, enableElementCacheCleanup=true, cssSelectorsEnabled=true, unexpectedAlertBehaviour=dismiss}]
Session ID: 2b08caba-4b60-47aa-9ab3-2cd7f4910792
	at sun.reflect.NativeConstructorAccessorImpl.newInstance0(Native Method)
	at sun.reflect.NativeConstructorAccessorImpl.newInstance(NativeConstructorAccessorImpl.java:62)
	at sun.reflect.DelegatingConstructorAccessorImpl.newInstance(DelegatingConstructorAccessorImpl.java:45)
	at java.lang.reflect.Constructor.newInstance(Constructor.java:422)
	at org.openqa.selenium.remote.ErrorHandler.createThrowable(ErrorHandler.java:214)
	at org.openqa.selenium.remote.ErrorHandler.throwIfResponseFailed(ErrorHandler.java:166)
	at org.openqa.selenium.remote.http.JsonHttpResponseCodec.reconstructValue(JsonHttpResponseCodec.java:40)
	at org.openqa.selenium.remote.http.AbstractHttpResponseCodec.decode(AbstractHttpResponseCodec.java:82)
	at org.openqa.selenium.remote.http.AbstractHttpResponseCodec.decode(AbstractHttpResponseCodec.java:45)
	at org.openqa.selenium.remote.HttpCommandExecutor.execute(HttpCommandExecutor.java:164)
	at org.openqa.selenium.remote.RemoteWebDriver.execute(RemoteWebDriver.java:586)
	at org.openqa.selenium.remote.RemoteWebDriver.get(RemoteWebDriver.java:310)
	at test.SearchTest.getDetails(SearchTest.java:39)
	at sun.reflect.NativeMethodAccessorImpl.invoke0(Native Method)
	at sun.reflect.NativeMethodAccessorImpl.invoke(NativeMethodAccessorImpl.java:62)
	at sun.reflect.DelegatingMethodAccessorImpl.invoke(DelegatingMethodAccessorImpl.java:43)
	at java.lang.reflect.Method.invoke(Method.java:497)
	at org.testng.internal.MethodInvocationHelper.invokeMethod(MethodInvocationHelper.java:84)
	at org.testng.internal.Invoker.invokeMethod(Invoker.java:714)
	at org.testng.internal.Invoker.invokeTestMethod(Invoker.java:901)
	at org.testng.internal.Invoker.invokeTestMethods(Invoker.java:1231)
	at org.testng.internal.TestMethodWorker.invokeTestMethods(TestMethodWorker.java:127)
	at org.testng.internal.TestMethodWorker.run(TestMethodWorker.java:111)
	at org.testng.TestRunner.privateRun(TestRunner.java:767)
	at org.testng.TestRunner.run(TestRunner.java:617)
	at org.testng.SuiteRunner.runTest(SuiteRunner.java:334)
	at org.testng.SuiteRunner.runSequentially(SuiteRunner.java:329)
	at org.testng.SuiteRunner.privateRun(SuiteRunner.java:291)
	at org.testng.SuiteRunner.run(SuiteRunner.java:240)
	at org.testng.SuiteRunnerWorker.runSuite(SuiteRunnerWorker.java:52)
	at org.testng.SuiteRunnerWorker.run(SuiteRunnerWorker.java:86)
	at org.testng.TestNG.runSuitesSequentially(TestNG.java:1224)
	at org.testng.TestNG.runSuitesLocally(TestNG.java:1149)
	at org.testng.TestNG.run(TestNG.java:1057)
	at org.testng.remote.RemoteTestNG.run(RemoteTestNG.java:111)
	at org.testng.remote.RemoteTestNG.initAndRun(RemoteTestNG.java:204)
	at org.testng.remote.RemoteTestNG.main(RemoteTestNG.java:175)
]]>
            </full-stacktrace>
          </exception> <!-- org.openqa.selenium.NoSuchWindowException -->
          <reporter-output>
          </reporter-output>
        </test-method> <!-- getDetails -->
        <test-method status="PASS" signature="screenShot(org.testng.ITestResult)[pri:0, instance:test.SearchTest@1223dd8]" name="screenShot" is-config="true" duration-ms="31" started-at="2018-11-02T18:04:35Z" finished-at="2018-11-02T18:04:35Z">
          <params>
            <param index="0">
              <value>
                <![CDATA[[TestResult name=getDetails status=FAILURE method=SearchTest.getDetails()[pri:0, instance:test.SearchTest@1223dd8] output={null}]]]>
              </value>
            </param>
          </params>
          <reporter-output>
          </reporter-output>
        </test-method> <!-- screenShot -->
        <test-method status="PASS" signature="quitDriver()[pri:0, instance:test.SearchTest@1223dd8]" name="quitDriver" is-config="true" duration-ms="47" started-at="2018-11-02T18:04:35Z" finished-at="2018-11-02T18:04:35Z">
          <reporter-output>
          </reporter-output>
        </test-method> <!-- quitDriver -->
      </class> <!-- test.SearchTest -->
    </test> <!-- InternetExplorer -->
  </suite> <!-- PHPTravels Test -->
</testng-results>
